This is pdfTeX, Version 3.14159265-2.6-1.40.17 (TeX Live 2016) (preloaded format=pdflatex 2016.5.22)  15 MAY 2020 16:29
entering extended mode
 restricted \write18 enabled.
 file:line:error style messages enabled.
 %&-line parsing enabled.
**template.tex
(./template.tex
LaTeX2e <2016/03/31>
Babel <3.9r> and hyphenation patterns for 83 language(s) loaded.
(./asaproc.cls
Document Class: asaproc 1997/10/10 v1.3x Standard LaTeX document class
(/usr/local/texlive/2016/texmf-dist/tex/latex/base/size11.clo
File: size11.clo 2014/09/29 v1.4h Standard LaTeX file (size option)
)
\c@part=\count79
\c@section=\count80
\c@subsection=\count81
\c@subsubsection=\count82
\c@paragraph=\count83
\c@subparagraph=\count84
\c@figure=\count85
\c@table=\count86
\abovecaptionskip=\skip41
\belowcaptionskip=\skip42
\bibindent=\dimen102
)
(/usr/local/texlive/2016/texmf-dist/tex/latex/graphics/graphicx.sty
Package: graphicx 2014/10/28 v1.0g Enhanced LaTeX Graphics (DPC,SPQR)

(/usr/local/texlive/2016/texmf-dist/tex/latex/graphics/keyval.sty
Package: keyval 2014/10/28 v1.15 key=value parser (DPC)
\KV@toks@=\toks14
)
(/usr/local/texlive/2016/texmf-dist/tex/latex/graphics/graphics.sty
Package: graphics 2016/05/09 v1.0r Standard LaTeX Graphics (DPC,SPQR)

(/usr/local/texlive/2016/texmf-dist/tex/latex/graphics/trig.sty
Package: trig 2016/01/03 v1.10 sin cos tan (DPC)
)
(/usr/local/texlive/2016/texmf-dist/tex/latex/graphics-cfg/graphics.cfg
File: graphics.cfg 2016/01/02 v1.10 sample graphics configuration
)
Package graphics Info: Driver file: pdftex.def on input line 96.

(/usr/local/texlive/2016/texmf-dist/tex/latex/pdftex-def/pdftex.def
File: pdftex.def 2011/05/27 v0.06d Graphics/color for pdfTeX

(/usr/local/texlive/2016/texmf-dist/tex/generic/oberdiek/infwarerr.sty
Package: infwarerr 2016/05/16 v1.4 Providing info/warning/error messages (HO)
)
(/usr/local/texlive/2016/texmf-dist/tex/generic/oberdiek/ltxcmds.sty
Package: ltxcmds 2016/05/16 v1.23 LaTeX kernel commands for general use (HO)
)
\Gread@gobject=\count87
))
\Gin@req@height=\dimen103
\Gin@req@width=\dimen104
)
(/usr/local/texlive/2016/texmf-dist/tex/latex/amsmath/amsmath.sty
Package: amsmath 2016/03/10 v2.15b AMS math features
\@mathmargin=\skip43

For additional information on amsmath, use the `?' option.
(/usr/local/texlive/2016/texmf-dist/tex/latex/amsmath/amstext.sty
Package: amstext 2000/06/29 v2.01 AMS text

(/usr/local/texlive/2016/texmf-dist/tex/latex/amsmath/amsgen.sty
File: amsgen.sty 1999/11/30 v2.0 generic functions
\@emptytoks=\toks15
\ex@=\dimen105
))
(/usr/local/texlive/2016/texmf-dist/tex/latex/amsmath/amsbsy.sty
Package: amsbsy 1999/11/29 v1.2d Bold Symbols
\pmbraise@=\dimen106
)
(/usr/local/texlive/2016/texmf-dist/tex/latex/amsmath/amsopn.sty
Package: amsopn 2016/03/08 v2.02 operator names
)
\inf@bad=\count88
LaTeX Info: Redefining \frac on input line 199.
\uproot@=\count89
\leftroot@=\count90
LaTeX Info: Redefining \overline on input line 297.
\classnum@=\count91
\DOTSCASE@=\count92
LaTeX Info: Redefining \ldots on input line 394.
LaTeX Info: Redefining \dots on input line 397.
LaTeX Info: Redefining \cdots on input line 518.
\Mathstrutbox@=\box26
\strutbox@=\box27
\big@size=\dimen107
LaTeX Font Info:    Redeclaring font encoding OML on input line 634.
LaTeX Font Info:    Redeclaring font encoding OMS on input line 635.
\macc@depth=\count93
\c@MaxMatrixCols=\count94
\dotsspace@=\muskip10
\c@parentequation=\count95
\dspbrk@lvl=\count96
\tag@help=\toks16
\row@=\count97
\column@=\count98
\maxfields@=\count99
\andhelp@=\toks17
\eqnshift@=\dimen108
\alignsep@=\dimen109
\tagshift@=\dimen110
\tagwidth@=\dimen111
\totwidth@=\dimen112
\lineht@=\dimen113
\@envbody=\toks18
\multlinegap=\skip44
\multlinetaggap=\skip45
\mathdisplay@stack=\toks19
LaTeX Info: Redefining \[ on input line 2739.
LaTeX Info: Redefining \] on input line 2740.
)
(/usr/local/texlive/2016/texmf-dist/tex/latex/url/url.sty
\Urlmuskip=\muskip11
Package: url 2013/09/16  ver 3.4  Verb mode for urls, etc.
)
(/usr/local/texlive/2016/texmf-dist/tex/latex/numberedblock/numberedblock.sty
Package: numberedblock 2014/02/24 v1.10

(/usr/local/texlive/2016/texmf-dist/tex/latex/tools/verbatim.sty
Package: verbatim 2014/10/28 v1.5q LaTeX2e package for verbatim enhancements
\every@verbatim=\toks20
\verbatim@line=\toks21
\verbatim@in@stream=\read1
)
(/usr/local/texlive/2016/texmf-dist/tex/latex/verbatimbox/verbatimbox.sty
Package: verbatimbox 2014/03/12 v3.13 Routines for placing verbatim text into b
oxes, useful in places where the verbatim environment is inaccessible. Secondar
ily, for adding vertical buffer around an object.

(/usr/local/texlive/2016/texmf-dist/tex/latex/readarray/readarray.sty
Package: readarray 2013/05/09 v1.2 Routines for inputting array data and recall
ing it on an element-by-element basis. Currently supports 2-D and 3-D array

(/usr/local/texlive/2016/texmf-dist/tex/latex/base/ifthen.sty
Package: ifthen 2014/09/29 v1.1c Standard LaTeX ifthen package (DPC)
)
(/usr/local/texlive/2016/texmf-dist/tex/latex/ifnextok/ifnextok.sty
Package: ifnextok 2011/06/27 v0.3 test next token (UL)
)
\c@@index=\count100
\c@@plane=\count101
\c@@row=\count102
\c@@col=\count103
\c@use@args=\count104
\c@@record=\count105
\c@arg@index=\count106
\c@break@count=\count107
)
\savedverbbox=\box28
\c@VerbboxLineNo=\count108
\boxtopsep=\dimen114
\boxbottomsep=\dimen115
\ps@tempdima=\dimen116
\ps@tempboxa=\box29
\boxtop@sep=\skip46
\boxbottom@sep=\skip47
)
\c@nb@counter=\count109
\@savedverbbox=\box30
\maxblocklabelsize=\skip48
\blockindent=\skip49
\c@blocknum=\count110
\codeblockwidth=\skip50
\parindentsave=\skip51
)
(/usr/local/texlive/2016/texmf-dist/tex/latex/psnfss/times.sty
Package: times 2005/04/12 PSNFSS-v9.2a (SPQR) 
) (./template.aux)
\openout1 = `template.aux'.

LaTeX Font Info:    Checking defaults for OML/cmm/m/it on input line 18.
LaTeX Font Info:    ... okay on input line 18.
LaTeX Font Info:    Checking defaults for T1/cmr/m/n on input line 18.
LaTeX Font Info:    ... okay on input line 18.
LaTeX Font Info:    Checking defaults for OT1/cmr/m/n on input line 18.
LaTeX Font Info:    ... okay on input line 18.
LaTeX Font Info:    Checking defaults for OMS/cmsy/m/n on input line 18.
LaTeX Font Info:    ... okay on input line 18.
LaTeX Font Info:    Checking defaults for OMX/cmex/m/n on input line 18.
LaTeX Font Info:    ... okay on input line 18.
LaTeX Font Info:    Checking defaults for U/cmr/m/n on input line 18.
LaTeX Font Info:    ... okay on input line 18.
LaTeX Font Info:    Try loading font information for OT1+ptm on input line 18.
 (/usr/local/texlive/2016/texmf-dist/tex/latex/psnfss/ot1ptm.fd
File: ot1ptm.fd 2001/06/04 font definitions for OT1/ptm.
)
(/usr/local/texlive/2016/texmf-dist/tex/context/base/mkii/supp-pdf.mkii
[Loading MPS to PDF converter (version 2006.09.02).]
\scratchcounter=\count111
\scratchdimen=\dimen117
\scratchbox=\box31
\nofMPsegments=\count112
\nofMParguments=\count113
\everyMPshowfont=\toks22
\MPscratchCnt=\count114
\MPscratchDim=\dimen118
\MPnumerator=\count115
\makeMPintoPDFobject=\count116
\everyMPtoPDFconversion=\toks23
) (/usr/local/texlive/2016/texmf-dist/tex/generic/oberdiek/pdftexcmds.sty
Package: pdftexcmds 2016/05/10 v0.21 Utility functions of pdfTeX for LuaTeX (HO
)

(/usr/local/texlive/2016/texmf-dist/tex/generic/oberdiek/ifluatex.sty
Package: ifluatex 2016/05/16 v1.4 Provides the ifluatex switch (HO)
Package ifluatex Info: LuaTeX not detected.
)
(/usr/local/texlive/2016/texmf-dist/tex/generic/oberdiek/ifpdf.sty
Package: ifpdf 2016/05/14 v3.1 Provides the ifpdf switch
)
Package pdftexcmds Info: LuaTeX not detected.
Package pdftexcmds Info: \pdf@primitive is available.
Package pdftexcmds Info: \pdf@ifprimitive is available.
Package pdftexcmds Info: \pdfdraftmode found.
)
(/usr/local/texlive/2016/texmf-dist/tex/latex/oberdiek/epstopdf-base.sty
Package: epstopdf-base 2016/05/15 v2.6 Base part for package epstopdf

(/usr/local/texlive/2016/texmf-dist/tex/latex/oberdiek/grfext.sty
Package: grfext 2016/05/16 v1.2 Manage graphics extensions (HO)

(/usr/local/texlive/2016/texmf-dist/tex/generic/oberdiek/kvdefinekeys.sty
Package: kvdefinekeys 2016/05/16 v1.4 Define keys (HO)
))
(/usr/local/texlive/2016/texmf-dist/tex/latex/oberdiek/kvoptions.sty
Package: kvoptions 2016/05/16 v3.12 Key value format for package options (HO)

(/usr/local/texlive/2016/texmf-dist/tex/generic/oberdiek/kvsetkeys.sty
Package: kvsetkeys 2016/05/16 v1.17 Key value parser (HO)

(/usr/local/texlive/2016/texmf-dist/tex/generic/oberdiek/etexcmds.sty
Package: etexcmds 2016/05/16 v1.6 Avoid name clashes with e-TeX commands (HO)
Package etexcmds Info: Could not find \expanded.
(etexcmds)             That can mean that you are not using pdfTeX 1.50 or
(etexcmds)             that some package has redefined \expanded.
(etexcmds)             In the latter case, load this package earlier.
)))
Package grfext Info: Graphics extension search list:
(grfext)             [.png,.pdf,.jpg,.mps,.jpeg,.jbig2,.jb2,.PNG,.PDF,.JPG,.JPE
G,.JBIG2,.JB2,.eps]
(grfext)             \AppendGraphicsExtensions on input line 456.

(/usr/local/texlive/2016/texmf-dist/tex/latex/latexconfig/epstopdf-sys.cfg
File: epstopdf-sys.cfg 2010/07/13 v1.3 Configuration of (r)epstopdf for TeX Liv
e
))
LaTeX Font Info:    Font shape `OT1/ptm/bx/n' in size <12> not available
(Font)              Font shape `OT1/ptm/b/n' tried instead on input line 21.
LaTeX Font Info:    Try loading font information for OMS+ptm on input line 21.

(/usr/local/texlive/2016/texmf-dist/tex/latex/psnfss/omsptm.fd
File: omsptm.fd 
)
LaTeX Font Info:    Font shape `OMS/ptm/m/n' in size <8> not available
(Font)              Font shape `OMS/cmsy/m/n' tried instead on input line 21.
LaTeX Font Info:    Font shape `OMS/ptm/m/n' in size <6> not available
(Font)              Font shape `OMS/cmsy/m/n' tried instead on input line 21.
LaTeX Font Info:    Font shape `OT1/ptm/bx/n' in size <10.95> not available
(Font)              Font shape `OT1/ptm/b/n' tried instead on input line 27.
LaTeX Font Info:    Try loading font information for OT1+pcr on input line 28.

(/usr/local/texlive/2016/texmf-dist/tex/latex/psnfss/ot1pcr.fd
File: ot1pcr.fd 2001/06/04 font definitions for OT1/pcr.
)
Underfull \hbox (badness 5817) in paragraph at lines 28--29
\OT1/ptm/m/n/10.95 Since mid-January of 2020, we have
 []


Underfull \hbox (badness 1953) in paragraph at lines 28--29
\OT1/ptm/m/n/10.95 seen the first cases of coro-n-avirus dis-
 []


Underfull \hbox (badness 6461) in paragraph at lines 28--29
\OT1/ptm/m/n/10.95 ease (COVID-19) in the US. Se-ri-ous
 []


Underfull \hbox (badness 1953) in paragraph at lines 28--29
\OT1/ptm/m/n/10.95 res-pi-ra-tory dis-ease caused by the novel
 []


Underfull \hbox (badness 4634) in paragraph at lines 28--29
\OT1/ptm/m/n/10.95 virus had taken the lives of ap-prox-i-
 []


Underfull \hbox (badness 1072) in paragraph at lines 34--35
[]\OT1/ptm/m/n/10.95 A mod-i-fied hi-er-ar-chi-cal model on the
 []


Underfull \hbox (badness 1715) in paragraph at lines 51--52
\OT1/ptm/m/n/10.95 the novel virus reaches those coun-tries.
 []


Underfull \hbox (badness 3724) in paragraph at lines 57--58
[]\OT1/ptm/m/n/10.95 We em-ploy two hi-er-ar-chi-cal Pois-son
 []


Underfull \hbox (badness 10000) in paragraph at lines 57--58
\OT1/ptm/m/n/10.95 mod-els con-structed in dif-fer-ent ways.
 []


Underfull \hbox (badness 1033) in paragraph at lines 57--58
\OT1/ptm/m/n/10.95 We tackle the prob-lem stated above us-
 []


Underfull \hbox (badness 2617) in paragraph at lines 57--58
\OT1/ptm/m/n/10.95 pared. We also use re-sults from the
 []


Underfull \hbox (badness 3815) in paragraph at lines 57--58
\OT1/ptm/m/n/10.95 pre-vi-ous study, which are avail-able at
 []


Underfull \hbox (badness 10000) in paragraph at lines 57--58
\OT1/pcr/m/n/10.95 https : / / github . com / kgulzina /
 []


Overfull \hbox (32.87973pt too wide) in paragraph at lines 57--58
\OT1/pcr/m/n/10.95 bayesian-[]analysis-[]of-[]COVID19-[]in-[]CA$
 []


Underfull \vbox (badness 2961) has occurred while \output is active []

 [1{/usr/local/texlive/2016/texmf-var/fonts/map/pdftex/updmap/pdftex.map}


]
LaTeX Font Info:    Font shape `OMS/ptm/m/n' in size <10.95> not available
(Font)              Font shape `OMS/cmsy/m/n' tried instead on input line 65.

<images/infected_per_county.jpeg, id=11, 662.475pt x 494.84875pt>
File: images/infected_per_county.jpeg Graphic file (type jpg)

<use images/infected_per_county.jpeg>
Package pdftex.def Info: images/infected_per_county.jpeg used on input line 73.

(pdftex.def)             Requested size: 198.74403pt x 148.45576pt.

Overfull \hbox (5.74403pt too wide) in paragraph at lines 73--74
 [][] 
 []

<images/inf_vs_pop.jpeg, id=12, 647.41875pt x 433.62pt>
File: images/inf_vs_pop.jpeg Graphic file (type jpg)

<use images/inf_vs_pop.jpeg>
Package pdftex.def Info: images/inf_vs_pop.jpeg used on input line 80.
(pdftex.def)             Requested size: 200.69774pt x 134.4208pt.

Overfull \hbox (7.69774pt too wide) in paragraph at lines 80--81
 [][] 
 []


Underfull \vbox (badness 1215) has occurred while \output is active []

 [2 <./images/infected_per_county.jpeg> <./images/inf_vs_pop.jpeg>]
<images/density.png, id=20, 602.25pt x 602.25pt>
File: images/density.png Graphic file (type png)
 <use images/density.png>
Package pdftex.def Info: images/density.png used on input line 90.
(pdftex.def)             Requested size: 180.67639pt x 180.67639pt.

<images/death_rate.jpeg, id=21, 662.475pt x 494.84875pt>
File: images/death_rate.jpeg Graphic file (type jpg)

<use images/death_rate.jpeg>
Package pdftex.def Info: images/death_rate.jpeg used on input line 97.
(pdftex.def)             Requested size: 198.74403pt x 148.45576pt.

Overfull \hbox (5.74403pt too wide) in paragraph at lines 97--98
 [][] 
 []


Underfull \hbox (badness 4096) in paragraph at lines 121--121
[]\OT1/ptm/b/n/10.95 Hierarchical Pois-son model with
 []


Underfull \hbox (badness 1210) in paragraph at lines 129--130
\OT1/ptm/m/n/10.95 ing to the as-sump-tion that, for a given
 []

[3 <./images/density.png> <./images/death_rate.jpeg>]
Overfull \hbox (9.4639pt too wide) in paragraph at lines 159--159
[] 
 []


Underfull \hbox (badness 3229) in paragraph at lines 183--184
\OT1/ptm/m/n/10.95 Consider the Beta-Binomial hi-er-ar-chi-cal
 []


Underfull \hbox (badness 2318) in paragraph at lines 189--190
[]\OT1/ptm/m/n/10.95 We draw sam-ples from the pos-te-rior
 []


Underfull \hbox (badness 1394) in paragraph at lines 193--194
\OT1/ptm/m/n/10.95 ob-tain sam-ples from pos-te-rior pre-dic-tive
 []

[4]
Underfull \hbox (badness 4096) in paragraph at lines 204--204
[]\OT1/ptm/b/n/10.95 Hierarchical Pois-son model with
 []


Overfull \hbox (16.6275pt too wide) in paragraph at lines 211--211
[] 
 []


Overfull \hbox (5.67293pt too wide) detected at line 240
\OML/cmm/m/it/10.95 p\OT1/cmr/m/n/10.95 (\OML/cmm/m/it/10.95 ^^U\OMS/cmsy/m/n/1
0.95 j^^@\OT1/cmr/m/n/10.95 ) = \OML/cmm/m/it/10.95 Ga\OT1/cmr/m/n/10.95 (\OML/
cmm/m/it/10.95 ^^U\OMS/cmsy/m/n/10.95 j\OML/cmm/m/it/10.95 a \OT1/cmr/m/n/10.95
 + [] \OML/cmm/m/it/10.95 n[]; \OT1/cmr/m/n/10.95 ([] + [] [])[])
 []

[5]
Underfull \hbox (badness 5847) in paragraph at lines 284--285
[]\OT1/ptm/m/n/10.95 We also em-ploy clas-si-cal DIC and
 []


Underfull \hbox (badness 4096) in paragraph at lines 298--298
[]\OT1/ptm/b/n/10.95 Hierarchical Pois-son model with
 []

<images/prior_post.jpeg, id=36, 647.41875pt x 433.62pt>
File: images/prior_post.jpeg Graphic file (type jpg)

<use images/prior_post.jpeg>
Package pdftex.def Info: images/prior_post.jpeg used on input line 302.
(pdftex.def)             Requested size: 194.22711pt x 130.087pt.

Overfull \hbox (1.22711pt too wide) in paragraph at lines 302--303
 [][] 
 []

<images/lambdas.jpeg, id=37, 647.41875pt x 433.62pt>
File: images/lambdas.jpeg Graphic file (type jpg)
 <use images/lambdas.jpeg>
Package pdftex.def Info: images/lambdas.jpeg used on input line 337.
(pdftex.def)             Requested size: 200.69774pt x 134.4208pt.

Overfull \hbox (7.69774pt too wide) in paragraph at lines 337--338
 [][] 
 []

[6 <./images/prior_post.jpeg>]
<images/quantities.jpeg, id=41, 647.41875pt x 433.62pt>
File: images/quantities.jpeg Graphic file (type jpg)

<use images/quantities.jpeg>
Package pdftex.def Info: images/quantities.jpeg used on input line 351.
(pdftex.def)             Requested size: 194.22711pt x 130.087pt.

Overfull \hbox (1.22711pt too wide) in paragraph at lines 351--352
 [][] 
 []

<images/deaths1.jpeg, id=42, 647.41875pt x 433.62pt>
File: images/deaths1.jpeg Graphic file (type jpg)
 <use images/deaths1.jpeg>
Package pdftex.def Info: images/deaths1.jpeg used on input line 370.
(pdftex.def)             Requested size: 194.22711pt x 130.087pt.

Overfull \hbox (1.22711pt too wide) in paragraph at lines 370--371
 [][] 
 []


Underfull \hbox (badness 2573) in paragraph at lines 376--377
\OT1/ptm/m/n/10.95 We ob-tain 50,000 sam-ples of $[]$ from
 []

[7 <./images/lambdas.jpeg> <./images/quantities.jpeg> <./images/deaths1.jpeg>]
Underfull \hbox (badness 4096) in paragraph at lines 387--387
[]\OT1/ptm/b/n/10.95 Hierarchical Pois-son model with
 []

<images/lambdass.jpeg, id=47, 647.41875pt x 433.62pt>
File: images/lambdass.jpeg Graphic file (type jpg)

<use images/lambdass.jpeg>
Package pdftex.def Info: images/lambdass.jpeg used on input line 392.
(pdftex.def)             Requested size: 194.22711pt x 130.087pt.

Overfull \hbox (1.22711pt too wide) in paragraph at lines 392--393
 [][] 
 []

<images/postdeaths.jpeg, id=48, 647.41875pt x 433.62pt>
File: images/postdeaths.jpeg Graphic file (type jpg)

<use images/postdeaths.jpeg>
Package pdftex.def Info: images/postdeaths.jpeg used on input line 402.
(pdftex.def)             Requested size: 194.22711pt x 130.087pt.

Overfull \hbox (1.22711pt too wide) in paragraph at lines 402--403
 [][] 
 []

<images/deaths2.jpeg, id=49, 647.41875pt x 433.62pt>
File: images/deaths2.jpeg Graphic file (type jpg)
 <use images/deaths2.jpeg>
Package pdftex.def Info: images/deaths2.jpeg used on input line 415.
(pdftex.def)             Requested size: 194.22711pt x 130.087pt.

Overfull \hbox (1.22711pt too wide) in paragraph at lines 415--416
 [][] 
 []

<images/infection2.jpeg, id=50, 647.41875pt x 433.62pt>
File: images/infection2.jpeg Graphic file (type jpg)

<use images/infection2.jpeg>
Package pdftex.def Info: images/infection2.jpeg used on input line 425.
(pdftex.def)             Requested size: 194.22711pt x 130.087pt.

Overfull \hbox (1.22711pt too wide) in paragraph at lines 425--426
 [][] 
 []

[8 <./images/lambdass.jpeg> <./images/postdeaths.jpeg> <./images/deaths2.jpeg>]

Overfull \hbox (1.6449pt too wide) in paragraph at lines 474--490
 [] 
 []


Underfull \vbox (badness 1810) has occurred while \output is active []

 [9 <./images/infection2.jpeg>]
Underfull \hbox (badness 10000) in paragraph at lines 601--603
\OT1/pcr/m/n/9 https : / / storymaps .
 []


Underfull \hbox (badness 10000) in paragraph at lines 601--603
\OT1/pcr/m/n/9 arcgis . com / stories /
 []


Underfull \hbox (badness 10000) in paragraph at lines 605--607
\OT1/pcr/m/n/9 https : / / github . com / kgulzina /
 []


Overfull \hbox (9.52478pt too wide) in paragraph at lines 605--607
\OT1/pcr/m/n/9 bayesian-[]analysis-[]of-[]COVID19-[]in-[]CA$ 
 []


Underfull \hbox (badness 10000) in paragraph at lines 609--611
\OT1/pcr/m/n/9 https : / / www . worldometers . info /
 []

[10] (./template.aux) ) 
Here is how much of TeX's memory you used:
 2649 strings out of 493014
 36757 string characters out of 6133351
 105852 words of memory out of 5000000
 6115 multiletter control sequences out of 15000+600000
 23907 words of font info for 58 fonts, out of 8000000 for 9000
 1141 hyphenation exceptions out of 8191
 38i,12n,23p,1180b,324s stack positions out of 5000i,500n,10000p,200000b,80000s
{/usr/local/texlive/2016/texmf-dist/fonts/enc/dvips/base
/8r.enc}</usr/local/texlive/2016/texmf-dist/fonts/type1/public/amsfonts/cm/cmbx
10.pfb></usr/local/texlive/2016/texmf-dist/fonts/type1/public/amsfonts/cm/cmex1
0.pfb></usr/local/texlive/2016/texmf-dist/fonts/type1/public/amsfonts/cm/cmmi10
.pfb></usr/local/texlive/2016/texmf-dist/fonts/type1/public/amsfonts/cm/cmmi6.p
fb></usr/local/texlive/2016/texmf-dist/fonts/type1/public/amsfonts/cm/cmmi8.pfb
></usr/local/texlive/2016/texmf-dist/fonts/type1/public/amsfonts/cm/cmr10.pfb><
/usr/local/texlive/2016/texmf-dist/fonts/type1/public/amsfonts/cm/cmr8.pfb></us
r/local/texlive/2016/texmf-dist/fonts/type1/public/amsfonts/cm/cmr9.pfb></usr/l
ocal/texlive/2016/texmf-dist/fonts/type1/public/amsfonts/cm/cmsy10.pfb></usr/lo
cal/texlive/2016/texmf-dist/fonts/type1/public/amsfonts/cm/cmsy6.pfb></usr/loca
l/texlive/2016/texmf-dist/fonts/type1/public/amsfonts/cm/cmsy8.pfb></usr/local/
texlive/2016/texmf-dist/fonts/type1/urw/courier/ucrr8a.pfb></usr/local/texlive/
2016/texmf-dist/fonts/type1/urw/times/utmb8a.pfb></usr/local/texlive/2016/texmf
-dist/fonts/type1/urw/times/utmr8a.pfb></usr/local/texlive/2016/texmf-dist/font
s/type1/urw/times/utmri8a.pfb>
Output written on template.pdf (10 pages, 991123 bytes).
PDF statistics:
 110 PDF objects out of 1000 (max. 8388607)
 70 compressed objects within 1 object stream
 0 named destinations out of 1000 (max. 500000)
 61 words of extra memory for PDF output out of 10000 (max. 10000000)

